<?xml version="1.0" encoding="UTF-8"?>
<!-- Generated by org.testng.reporters.JUnitReportReporter -->
<testsuite skipped="0" hostname="Surjits-Acer-TravelMate-TMP449-G2-M" name="com.bitm.SeleniumOnlineProject3.Test.LoginTest" tests="2" failures="0" timestamp="2021-01-09T19:27:26 BDT" time="16.234" errors="0">
  <testcase name="homepagetitleverify" time="11.343" classname="com.bitm.SeleniumOnlineProject3.Test.LoginTest"/>
  <system-out/>
  <testcase name="logintest" time="4.891" classname="com.bitm.SeleniumOnlineProject3.Test.LoginTest"/>
  <system-out/>
</testsuite> <!-- com.bitm.SeleniumOnlineProject3.Test.LoginTest -->
