<?xml version="1.0" encoding="UTF-8"?>
<!-- Generated by org.testng.reporters.JUnitReportReporter -->
<testsuite skipped="0" hostname="Surjits-Acer-TravelMate-TMP449-G2-M" name="com.bitm.SeleniumOnlineProject3.Test.AssignLeaveTest" tests="1" failures="0" timestamp="2021-01-15T20:11:23 BDT" time="8.853" errors="0">
  <testcase name="assignLeaveTest" time="8.853" classname="com.bitm.SeleniumOnlineProject3.Test.AssignLeaveTest"/>
  <system-out/>
</testsuite> <!-- com.bitm.SeleniumOnlineProject3.Test.AssignLeaveTest -->
