<?xml version="1.0" encoding="UTF-8"?>
<!-- Generated by org.testng.reporters.JUnitReportReporter -->
<testsuite skipped="0" hostname="Surjits-Acer-TravelMate-TMP449-G2-M" name="com.bitm.SeleniumOnlineProject3.Test.LoginTest" tests="2" failures="0" timestamp="2021-01-02T19:38:10 BDT" time="22.587" errors="0">
  <testcase name="homepagetitleverify" time="13.059" classname="com.bitm.SeleniumOnlineProject3.Test.LoginTest"/>
  <system-out/>
  <testcase name="logintest" time="9.528" classname="com.bitm.SeleniumOnlineProject3.Test.LoginTest"/>
  <system-out/>
</testsuite> <!-- com.bitm.SeleniumOnlineProject3.Test.LoginTest -->
