<?xml version="1.0" encoding="UTF-8"?>
<!-- Generated by org.testng.reporters.JUnitReportReporter -->
<testsuite skipped="0" hostname="Surjits-Acer-TravelMate-TMP449-G2-M" name="advanceSelenium.DateTimePickerTest" tests="1" failures="0" timestamp="2021-01-03T18:51:05 BDT" time="25.286" errors="0">
  <testcase name="dateTimePickerTest" time="25.286" classname="advanceSelenium.DateTimePickerTest"/>
  <system-out/>
</testsuite> <!-- advanceSelenium.DateTimePickerTest -->
